
#############################################################################
#                                                                           #
#              Vibrational Heat-Bath Configuration Interaction              #
#                         By: Jonathan H. Fetherolf                         #
#                                                                           #
#                      Based on LOVCI by Eric G. Kratz                      #
#                                                                           #
#############################################################################

Last modification: 22:38:05 on Oct 20 2020

Reading input...

No fatal errors detected.
 And there was much rejoicing. Yay...

No checkpoint filename specified. Checkpoints will not be saved.

General settings:
  CPU threads: 8

  Normal modes: 12
  Max quanta per state: 7
  Basis functions: 50388
  Force constants: 299


Constructing the Vibrational CI Hamiltonian...The Hamiltonian is 97.79% sparse.
done.

Solving for the lowest 70 eigenstates...

Printing the results...

Results:
  Zero-point energy: 9837.41 (1/cm)
  Run time: 2.60 minutes

Done.

